PRISM
=====

Version: 4.8
Date: Thu Feb 01 23:18:13 UTC 2024
Hostname: ubuntu-server-macos
Memory limits: cudd=1g, java(heap)=1g
Command line: prism dc.prism dc.props -nofixdl

Parsing model file "dc.prism"...

Type:        CTMC
Modules:     dc_I0_E0 dc_F1_E3 dc_F1_E4 dc_F2_E18 dc_M3 dc_M1
Variables:   dc_I0_E0_pc dc_terminated dc_F1_E3_pc dc_F1_E4_pc dc_F2_E18_pc dc_M3_pc dc_M1_pc dc_M1_to_be_terminated

Parsing properties file "dc.props"...

22 properties:
(1) "P_deadlock_free": !E [ F "deadlock" ]
(2) "not_enabled": P=? [ F<=10 ((dc_M1_pc=dc_M1_TurnOff)|(dc_I0_E0_pc=dc_I0_E0_AutoFocus))&(dc_M3_pc=dc_M3_TakePicture) ]
(3) "terminate_2": P=? [ F<=2 dc_M1_pc=dc_M1_AF ]
(4) "terminate_4": P=? [ F<=4 dc_M1_pc=dc_M1_AF ]
(5) "terminate_6": P=? [ F<=6 dc_M1_pc=dc_M1_AF ]
(6) "terminate_8": P=? [ F<=8 dc_M1_pc=dc_M1_AF ]
(7) "terminate_10": P=? [ F<=10 dc_M1_pc=dc_M1_AF ]
(8) "terminate_12": P=? [ F<=12 dc_M1_pc=dc_M1_AF ]
(9) "terminate_14": P=? [ F<=14 dc_M1_pc=dc_M1_AF ]
(10) "terminate_16": P=? [ F<=16 dc_M1_pc=dc_M1_AF ]
(11) "terminate_18": P=? [ F<=18 dc_M1_pc=dc_M1_AF ]
(12) "terminate_20": P=? [ F<=20 dc_M1_pc=dc_M1_AF ]
(13) "memfulOrAutoFAndTakePic_2": P=? [ F<=2 ((dc_I0_E0_pc=dc_I0_E0_M1)|(dc_I0_E0_pc=dc_I0_E0_AutoFocus))&(dc_M3_pc=dc_M3_TakePicture) ]
(14) "memfulOrAutoFAndTakePic_4": P=? [ F<=4 ((dc_I0_E0_pc=dc_I0_E0_M1)|(dc_I0_E0_pc=dc_I0_E0_AutoFocus))&(dc_M3_pc=dc_M3_TakePicture) ]
(15) "memfulOrAutoFAndTakePic_6": P=? [ F<=6 ((dc_I0_E0_pc=dc_I0_E0_M1)|(dc_I0_E0_pc=dc_I0_E0_AutoFocus))&(dc_M3_pc=dc_M3_TakePicture) ]
(16) "memfulOrAutoFAndTakePic_8": P=? [ F<=8 ((dc_I0_E0_pc=dc_I0_E0_M1)|(dc_I0_E0_pc=dc_I0_E0_AutoFocus))&(dc_M3_pc=dc_M3_TakePicture) ]
(17) "memfulOrAutoFAndTakePic_10": P=? [ F<=10 ((dc_I0_E0_pc=dc_I0_E0_M1)|(dc_I0_E0_pc=dc_I0_E0_AutoFocus))&(dc_M3_pc=dc_M3_TakePicture) ]
(18) "memfulOrAutoFAndTakePic_12": P=? [ F<=12 ((dc_I0_E0_pc=dc_I0_E0_M1)|(dc_I0_E0_pc=dc_I0_E0_AutoFocus))&(dc_M3_pc=dc_M3_TakePicture) ]
(19) "memfulOrAutoFAndTakePic_14": P=? [ F<=14 ((dc_I0_E0_pc=dc_I0_E0_M1)|(dc_I0_E0_pc=dc_I0_E0_AutoFocus))&(dc_M3_pc=dc_M3_TakePicture) ]
(20) "memfulOrAutoFAndTakePic_16": P=? [ F<=16 ((dc_I0_E0_pc=dc_I0_E0_M1)|(dc_I0_E0_pc=dc_I0_E0_AutoFocus))&(dc_M3_pc=dc_M3_TakePicture) ]
(21) "memfulOrAutoFAndTakePic_18": P=? [ F<=18 ((dc_I0_E0_pc=dc_I0_E0_M1)|(dc_I0_E0_pc=dc_I0_E0_AutoFocus))&(dc_M3_pc=dc_M3_TakePicture) ]
(22) "memfulOrAutoFAndTakePic_20": P=? [ F<=20 ((dc_I0_E0_pc=dc_I0_E0_M1)|(dc_I0_E0_pc=dc_I0_E0_AutoFocus))&(dc_M3_pc=dc_M3_TakePicture) ]

---------------------------------------------------------------------

Model checking: "P_deadlock_free": !E [ F "deadlock" ]

Building model...

Computing reachable states...

Reachability (BFS): 19 iterations in 0.00 seconds (average 0.000053, setup 0.00)

Time for model construction: 0.018 seconds.

Type:        CTMC
States:      226 (1 initial)
Transitions: 514

Rate matrix: 1068 nodes (15 terminal), 514 minterms, vars: 17r/17c

CTL EU fixpoint: 1 iterations in 0.001 seconds

Property satisfied in 1 of 1 initial states.

Time for model checking: 0.002 seconds.

Result: true

---------------------------------------------------------------------

Model checking: "not_enabled": P=? [ F<=10 ((dc_M1_pc=dc_M1_TurnOff)|(dc_I0_E0_pc=dc_I0_E0_AutoFocus))&(dc_M3_pc=dc_M3_TakePicture) ]

Computing probabilities...
Engine: Hybrid

Number of non-absorbing states: 220 of 226 (97.3%)

Building hybrid MTBDD matrix... [levels=17, nodes=1205] [56.5 KB]
Adding explicit sparse matrices... [levels=17, num=1, compact] [2.3 KB]
Creating vector for diagonals... [dist=45, compact] [0.8 KB]
Allocating iteration vectors... [3 x 1.8 KB]
TOTAL: [64.8 KB]

Uniformisation: q.t = 1020000.000000 x 10.000000 = 10200000.000000
Fox-Glynn: left = 10177641, right = 10227102

Starting iterations...

Steady state detected at iteration 4434285

Iterative method: 4434285 iterations in 3.21 seconds (average 0.000001, setup 0.00)

Value in the initial state: 0.1879298605201181

Time for model checking: 4.595 seconds.

Result: 0.1879298605201181

---------------------------------------------------------------------

Model checking: "terminate_2": P=? [ F<=2 dc_M1_pc=dc_M1_AF ]

Computing probabilities...
Engine: Hybrid

Number of non-absorbing states: 181 of 226 (80.1%)

Building hybrid MTBDD matrix... [levels=17, nodes=1085] [50.9 KB]
Adding explicit sparse matrices... [levels=17, num=1, compact] [2.2 KB]
Creating vector for diagonals... [dist=44, compact] [0.8 KB]
Allocating iteration vectors... [3 x 1.8 KB]
TOTAL: [59.1 KB]

Uniformisation: q.t = 1020.000000 x 2.000000 = 2040.000000
Fox-Glynn: left = 1721, right = 2425

Starting iterations...

Iterative method: 2425 iterations in 0.00 seconds (average 0.000001, setup 0.00)

Value in the initial state: 0.08311419848545545

Time for model checking: 0.004 seconds.

Result: 0.08311419848545545

---------------------------------------------------------------------

Model checking: "terminate_4": P=? [ F<=4 dc_M1_pc=dc_M1_AF ]

Computing probabilities...
Engine: Hybrid

Number of non-absorbing states: 181 of 226 (80.1%)

Building hybrid MTBDD matrix... [levels=17, nodes=1085] [50.9 KB]
Adding explicit sparse matrices... [levels=17, num=1, compact] [2.2 KB]
Creating vector for diagonals... [dist=44, compact] [0.8 KB]
Allocating iteration vectors... [3 x 1.8 KB]
TOTAL: [59.1 KB]

Uniformisation: q.t = 1020.000000 x 4.000000 = 4080.000000
Fox-Glynn: left = 3630, right = 4624

Starting iterations...

Iterative method: 4624 iterations in 0.00 seconds (average 0.000001, setup 0.00)

Value in the initial state: 0.3181183985184526

Time for model checking: 0.005 seconds.

Result: 0.3181183985184526

---------------------------------------------------------------------

Model checking: "terminate_6": P=? [ F<=6 dc_M1_pc=dc_M1_AF ]

Computing probabilities...
Engine: Hybrid

Number of non-absorbing states: 181 of 226 (80.1%)

Building hybrid MTBDD matrix... [levels=17, nodes=1085] [50.9 KB]
Adding explicit sparse matrices... [levels=17, num=1, compact] [2.2 KB]
Creating vector for diagonals... [dist=44, compact] [0.8 KB]
Allocating iteration vectors... [3 x 1.8 KB]
TOTAL: [59.1 KB]

Uniformisation: q.t = 1020.000000 x 6.000000 = 6120.000000
Fox-Glynn: left = 5570, right = 6786

Starting iterations...

Iterative method: 6786 iterations in 0.00 seconds (average 0.000000, setup 0.00)

Value in the initial state: 0.5532398342234275

Time for model checking: 0.008 seconds.

Result: 0.5532398342234275

---------------------------------------------------------------------

Model checking: "terminate_8": P=? [ F<=8 dc_M1_pc=dc_M1_AF ]

Computing probabilities...
Engine: Hybrid

Number of non-absorbing states: 181 of 226 (80.1%)

Building hybrid MTBDD matrix... [levels=17, nodes=1085] [50.9 KB]
Adding explicit sparse matrices... [levels=17, num=1, compact] [2.2 KB]
Creating vector for diagonals... [dist=44, compact] [0.8 KB]
Allocating iteration vectors... [3 x 1.8 KB]
TOTAL: [59.1 KB]

Uniformisation: q.t = 1020.000000 x 8.000000 = 8160.000000
Fox-Glynn: left = 7525, right = 8929

Starting iterations...

Iterative method: 8929 iterations in 0.01 seconds (average 0.000001, setup 0.00)

Value in the initial state: 0.7279590275430188

Time for model checking: 0.009 seconds.

Result: 0.7279590275430188

---------------------------------------------------------------------

Model checking: "terminate_10": P=? [ F<=10 dc_M1_pc=dc_M1_AF ]

Computing probabilities...
Engine: Hybrid

Number of non-absorbing states: 181 of 226 (80.1%)

Building hybrid MTBDD matrix... [levels=17, nodes=1085] [50.9 KB]
Adding explicit sparse matrices... [levels=17, num=1, compact] [2.2 KB]
Creating vector for diagonals... [dist=44, compact] [0.8 KB]
Allocating iteration vectors... [3 x 1.8 KB]
TOTAL: [59.1 KB]

Uniformisation: q.t = 1020.000000 x 10.000000 = 10200.000000
Fox-Glynn: left = 9490, right = 11059

Starting iterations...

Iterative method: 11059 iterations in 0.00 seconds (average 0.000000, setup 0.00)

Value in the initial state: 0.8418497386614081

Time for model checking: 0.012 seconds.

Result: 0.8418497386614081

---------------------------------------------------------------------

Model checking: "terminate_12": P=? [ F<=12 dc_M1_pc=dc_M1_AF ]

Computing probabilities...
Engine: Hybrid

Number of non-absorbing states: 181 of 226 (80.1%)

Building hybrid MTBDD matrix... [levels=17, nodes=1085] [50.9 KB]
Adding explicit sparse matrices... [levels=17, num=1, compact] [2.2 KB]
Creating vector for diagonals... [dist=44, compact] [0.8 KB]
Allocating iteration vectors... [3 x 1.8 KB]
TOTAL: [59.1 KB]

Uniformisation: q.t = 1020.000000 x 12.000000 = 12240.000000
Fox-Glynn: left = 11463, right = 13181

Starting iterations...

Iterative method: 13181 iterations in 0.01 seconds (average 0.000001, setup 0.00)

Value in the initial state: 0.9108754444095073

Time for model checking: 0.017 seconds.

Result: 0.9108754444095073

---------------------------------------------------------------------

Model checking: "terminate_14": P=? [ F<=14 dc_M1_pc=dc_M1_AF ]

Computing probabilities...
Engine: Hybrid

Number of non-absorbing states: 181 of 226 (80.1%)

Building hybrid MTBDD matrix... [levels=17, nodes=1085] [50.9 KB]
Adding explicit sparse matrices... [levels=17, num=1, compact] [2.2 KB]
Creating vector for diagonals... [dist=44, compact] [0.8 KB]
Allocating iteration vectors... [3 x 1.8 KB]
TOTAL: [59.1 KB]

Uniformisation: q.t = 1020.000000 x 14.000000 = 14280.000000
Fox-Glynn: left = 13441, right = 15296

Starting iterations...

Iterative method: 15296 iterations in 0.01 seconds (average 0.000001, setup 0.00)

Value in the initial state: 0.9508528071332857

Time for model checking: 0.016 seconds.

Result: 0.9508528071332857

---------------------------------------------------------------------

Model checking: "terminate_16": P=? [ F<=16 dc_M1_pc=dc_M1_AF ]

Computing probabilities...
Engine: Hybrid

Number of non-absorbing states: 181 of 226 (80.1%)

Building hybrid MTBDD matrix... [levels=17, nodes=1085] [50.9 KB]
Adding explicit sparse matrices... [levels=17, num=1, compact] [2.2 KB]
Creating vector for diagonals... [dist=44, compact] [0.8 KB]
Allocating iteration vectors... [3 x 1.8 KB]
TOTAL: [59.1 KB]

Uniformisation: q.t = 1020.000000 x 16.000000 = 16320.000000
Fox-Glynn: left = 15423, right = 17406

Starting iterations...

Iterative method: 17406 iterations in 0.01 seconds (average 0.000001, setup 0.00)

Value in the initial state: 0.9733173231708355

Time for model checking: 0.017 seconds.

Result: 0.9733173231708355

---------------------------------------------------------------------

Model checking: "terminate_18": P=? [ F<=18 dc_M1_pc=dc_M1_AF ]

Computing probabilities...
Engine: Hybrid

Number of non-absorbing states: 181 of 226 (80.1%)

Building hybrid MTBDD matrix... [levels=17, nodes=1085] [50.9 KB]
Adding explicit sparse matrices... [levels=17, num=1, compact] [2.2 KB]
Creating vector for diagonals... [dist=44, compact] [0.8 KB]
Allocating iteration vectors... [3 x 1.8 KB]
TOTAL: [59.1 KB]

Uniformisation: q.t = 1020.000000 x 18.000000 = 18360.000000
Fox-Glynn: left = 17409, right = 19512

Starting iterations...

Iterative method: 19512 iterations in 0.02 seconds (average 0.000001, setup 0.00)

Value in the initial state: 0.985678775272127

Time for model checking: 0.019 seconds.

Result: 0.985678775272127

---------------------------------------------------------------------

Model checking: "terminate_20": P=? [ F<=20 dc_M1_pc=dc_M1_AF ]

Computing probabilities...
Engine: Hybrid

Number of non-absorbing states: 181 of 226 (80.1%)

Building hybrid MTBDD matrix... [levels=17, nodes=1085] [50.9 KB]
Adding explicit sparse matrices... [levels=17, num=1, compact] [2.2 KB]
Creating vector for diagonals... [dist=44, compact] [0.8 KB]
Allocating iteration vectors... [3 x 1.8 KB]
TOTAL: [59.1 KB]

Uniformisation: q.t = 1020.000000 x 20.000000 = 20400.000000
Fox-Glynn: left = 19397, right = 21614

Starting iterations...

Iterative method: 21614 iterations in 0.01 seconds (average 0.000001, setup 0.00)

Value in the initial state: 0.9923793492953508

Time for model checking: 0.025 seconds.

Result: 0.9923793492953508

---------------------------------------------------------------------

Model checking: "memfulOrAutoFAndTakePic_2": P=? [ F<=2 ((dc_I0_E0_pc=dc_I0_E0_M1)|(dc_I0_E0_pc=dc_I0_E0_AutoFocus))&(dc_M3_pc=dc_M3_TakePicture) ]

Computing probabilities...
Engine: Hybrid

Number of non-absorbing states: 220 of 226 (97.3%)

Building hybrid MTBDD matrix... [levels=17, nodes=1209] [56.7 KB]
Adding explicit sparse matrices... [levels=17, num=1, compact] [2.3 KB]
Creating vector for diagonals... [dist=45, compact] [0.8 KB]
Allocating iteration vectors... [3 x 1.8 KB]
TOTAL: [65.0 KB]

Uniformisation: q.t = 1020000.000000 x 2.000000 = 2040000.000000
Fox-Glynn: left = 2029999, right = 2052121

Starting iterations...

Iterative method: 2052121 iterations in 1.52 seconds (average 0.000001, setup 0.00)

Value in the initial state: 0.09146000328909912

Time for model checking: 1.986 seconds.

Result: 0.09146000328909912

---------------------------------------------------------------------

Model checking: "memfulOrAutoFAndTakePic_4": P=? [ F<=4 ((dc_I0_E0_pc=dc_I0_E0_M1)|(dc_I0_E0_pc=dc_I0_E0_AutoFocus))&(dc_M3_pc=dc_M3_TakePicture) ]

Computing probabilities...
Engine: Hybrid

Number of non-absorbing states: 220 of 226 (97.3%)

Building hybrid MTBDD matrix... [levels=17, nodes=1209] [56.7 KB]
Adding explicit sparse matrices... [levels=17, num=1, compact] [2.3 KB]
Creating vector for diagonals... [dist=45, compact] [0.8 KB]
Allocating iteration vectors... [3 x 1.8 KB]
TOTAL: [65.0 KB]

Uniformisation: q.t = 1020000.000000 x 4.000000 = 4080000.000000
Fox-Glynn: left = 4065858, right = 4097141

Starting iterations...

Iterative method: 4097141 iterations in 2.92 seconds (average 0.000001, setup 0.00)

Value in the initial state: 0.17667061063699968

Time for model checking: 3.958 seconds.

Result: 0.17667061063699968

---------------------------------------------------------------------

Model checking: "memfulOrAutoFAndTakePic_6": P=? [ F<=6 ((dc_I0_E0_pc=dc_I0_E0_M1)|(dc_I0_E0_pc=dc_I0_E0_AutoFocus))&(dc_M3_pc=dc_M3_TakePicture) ]

Computing probabilities...
Engine: Hybrid

Number of non-absorbing states: 220 of 226 (97.3%)

Building hybrid MTBDD matrix... [levels=17, nodes=1209] [56.7 KB]
Adding explicit sparse matrices... [levels=17, num=1, compact] [2.3 KB]
Creating vector for diagonals... [dist=45, compact] [0.8 KB]
Allocating iteration vectors... [3 x 1.8 KB]
TOTAL: [65.0 KB]

Uniformisation: q.t = 1020000.000000 x 6.000000 = 6120000.000000
Fox-Glynn: left = 6102680, right = 6140993

Starting iterations...

Steady state detected at iteration 4433126

Iterative method: 4433126 iterations in 3.15 seconds (average 0.000001, setup 0.00)

Value in the initial state: 0.18553243579582007

Time for model checking: 4.299 seconds.

Result: 0.18553243579582007

---------------------------------------------------------------------

Model checking: "memfulOrAutoFAndTakePic_8": P=? [ F<=8 ((dc_I0_E0_pc=dc_I0_E0_M1)|(dc_I0_E0_pc=dc_I0_E0_AutoFocus))&(dc_M3_pc=dc_M3_TakePicture) ]

Computing probabilities...
Engine: Hybrid

Number of non-absorbing states: 220 of 226 (97.3%)

Building hybrid MTBDD matrix... [levels=17, nodes=1209] [56.7 KB]
Adding explicit sparse matrices... [levels=17, num=1, compact] [2.3 KB]
Creating vector for diagonals... [dist=45, compact] [0.8 KB]
Allocating iteration vectors... [3 x 1.8 KB]
TOTAL: [65.0 KB]

Uniformisation: q.t = 1020000.000000 x 8.000000 = 8160000.000000
Fox-Glynn: left = 8140001, right = 8184241

Starting iterations...

Steady state detected at iteration 4433126

Iterative method: 4433126 iterations in 3.07 seconds (average 0.000001, setup 0.00)

Value in the initial state: 0.18553243579582007

Time for model checking: 4.282 seconds.

Result: 0.18553243579582007

---------------------------------------------------------------------

Model checking: "memfulOrAutoFAndTakePic_10": P=? [ F<=10 ((dc_I0_E0_pc=dc_I0_E0_M1)|(dc_I0_E0_pc=dc_I0_E0_AutoFocus))&(dc_M3_pc=dc_M3_TakePicture) ]

Computing probabilities...
Engine: Hybrid

Number of non-absorbing states: 220 of 226 (97.3%)

Building hybrid MTBDD matrix... [levels=17, nodes=1209] [56.7 KB]
Adding explicit sparse matrices... [levels=17, num=1, compact] [2.3 KB]
Creating vector for diagonals... [dist=45, compact] [0.8 KB]
Allocating iteration vectors... [3 x 1.8 KB]
TOTAL: [65.0 KB]

Uniformisation: q.t = 1020000.000000 x 10.000000 = 10200000.000000
Fox-Glynn: left = 10177641, right = 10227102

Starting iterations...

Steady state detected at iteration 4433126

Iterative method: 4433126 iterations in 3.24 seconds (average 0.000001, setup 0.00)

Value in the initial state: 0.18553243579582007

Time for model checking: 4.467 seconds.

Result: 0.18553243579582007

---------------------------------------------------------------------

Model checking: "memfulOrAutoFAndTakePic_12": P=? [ F<=12 ((dc_I0_E0_pc=dc_I0_E0_M1)|(dc_I0_E0_pc=dc_I0_E0_AutoFocus))&(dc_M3_pc=dc_M3_TakePicture) ]

Computing probabilities...
Engine: Hybrid

Number of non-absorbing states: 220 of 226 (97.3%)

Building hybrid MTBDD matrix... [levels=17, nodes=1209] [56.7 KB]
Adding explicit sparse matrices... [levels=17, num=1, compact] [2.3 KB]
Creating vector for diagonals... [dist=45, compact] [0.8 KB]
Allocating iteration vectors... [3 x 1.8 KB]
TOTAL: [65.0 KB]

Uniformisation: q.t = 1020000.000000 x 12.000000 = 12240000.000000
Fox-Glynn: left = 12215507, right = 12269688

Starting iterations...

Steady state detected at iteration 4433126

Iterative method: 4433126 iterations in 3.25 seconds (average 0.000001, setup 0.00)

Value in the initial state: 0.18553243579582007

Time for model checking: 4.374 seconds.

Result: 0.18553243579582007

---------------------------------------------------------------------

Model checking: "memfulOrAutoFAndTakePic_14": P=? [ F<=14 ((dc_I0_E0_pc=dc_I0_E0_M1)|(dc_I0_E0_pc=dc_I0_E0_AutoFocus))&(dc_M3_pc=dc_M3_TakePicture) ]

Computing probabilities...
Engine: Hybrid

Number of non-absorbing states: 220 of 226 (97.3%)

Building hybrid MTBDD matrix... [levels=17, nodes=1209] [56.7 KB]
Adding explicit sparse matrices... [levels=17, num=1, compact] [2.3 KB]
Creating vector for diagonals... [dist=45, compact] [0.8 KB]
Allocating iteration vectors... [3 x 1.8 KB]
TOTAL: [65.0 KB]

Uniformisation: q.t = 1020000.000000 x 14.000000 = 14280000.000000
Fox-Glynn: left = 14253545, right = 14312067

Starting iterations...

Steady state detected at iteration 4433126

Iterative method: 4433126 iterations in 3.12 seconds (average 0.000001, setup 0.00)

Value in the initial state: 0.18553243579582007

Time for model checking: 4.27 seconds.

Result: 0.18553243579582007

---------------------------------------------------------------------

Model checking: "memfulOrAutoFAndTakePic_16": P=? [ F<=16 ((dc_I0_E0_pc=dc_I0_E0_M1)|(dc_I0_E0_pc=dc_I0_E0_AutoFocus))&(dc_M3_pc=dc_M3_TakePicture) ]

Computing probabilities...
Engine: Hybrid

Number of non-absorbing states: 220 of 226 (97.3%)

Building hybrid MTBDD matrix... [levels=17, nodes=1209] [56.7 KB]
Adding explicit sparse matrices... [levels=17, num=1, compact] [2.3 KB]
Creating vector for diagonals... [dist=45, compact] [0.8 KB]
Allocating iteration vectors... [3 x 1.8 KB]
TOTAL: [65.0 KB]

Uniformisation: q.t = 1020000.000000 x 16.000000 = 16320000.000000
Fox-Glynn: left = 16291719, right = 16354281

Starting iterations...

Steady state detected at iteration 4433126

Iterative method: 4433126 iterations in 3.19 seconds (average 0.000001, setup 0.00)

Value in the initial state: 0.18553243579582007

Time for model checking: 4.372 seconds.

Result: 0.18553243579582007

---------------------------------------------------------------------

Model checking: "memfulOrAutoFAndTakePic_18": P=? [ F<=18 ((dc_I0_E0_pc=dc_I0_E0_M1)|(dc_I0_E0_pc=dc_I0_E0_AutoFocus))&(dc_M3_pc=dc_M3_TakePicture) ]

Computing probabilities...
Engine: Hybrid

Number of non-absorbing states: 220 of 226 (97.3%)

Building hybrid MTBDD matrix... [levels=17, nodes=1209] [56.7 KB]
Adding explicit sparse matrices... [levels=17, num=1, compact] [2.3 KB]
Creating vector for diagonals... [dist=45, compact] [0.8 KB]
Allocating iteration vectors... [3 x 1.8 KB]
TOTAL: [65.0 KB]

Uniformisation: q.t = 1020000.000000 x 18.000000 = 18360000.000000
Fox-Glynn: left = 18330003, right = 18396360

Starting iterations...

Steady state detected at iteration 4433126

Iterative method: 4433126 iterations in 3.17 seconds (average 0.000001, setup 0.00)

Value in the initial state: 0.18553243579582007

Time for model checking: 4.289 seconds.

Result: 0.18553243579582007

---------------------------------------------------------------------

Model checking: "memfulOrAutoFAndTakePic_20": P=? [ F<=20 ((dc_I0_E0_pc=dc_I0_E0_M1)|(dc_I0_E0_pc=dc_I0_E0_AutoFocus))&(dc_M3_pc=dc_M3_TakePicture) ]

Computing probabilities...
Engine: Hybrid

Number of non-absorbing states: 220 of 226 (97.3%)

Building hybrid MTBDD matrix... [levels=17, nodes=1209] [56.7 KB]
Adding explicit sparse matrices... [levels=17, num=1, compact] [2.3 KB]
Creating vector for diagonals... [dist=45, compact] [0.8 KB]
Allocating iteration vectors... [3 x 1.8 KB]
TOTAL: [65.0 KB]

Uniformisation: q.t = 1020000.000000 x 20.000000 = 20400000.000000
Fox-Glynn: left = 20368381, right = 20438327

Starting iterations...

Steady state detected at iteration 4433126

Iterative method: 4433126 iterations in 3.22 seconds (average 0.000001, setup 0.00)

Value in the initial state: 0.18553243579582007

Time for model checking: 4.361 seconds.

Result: 0.18553243579582007

